This is pdfTeX, Version 3.141592653-2.6-1.40.26 (TeX Live 2024) (preloaded format=pdflatex 2024.3.16)  24 SEP 2024 21:01
entering extended mode
 restricted \write18 enabled.
 file:line:error style messages enabled.
 %&-line parsing enabled.
**/Users/gabbo/posgrado/magister/cursos/estadistica_avanzada/tarea2/latex/tarea.tex
(/Users/gabbo/posgrado/magister/cursos/estadistica_avanzada/tarea2/latex/tarea.tex
LaTeX2e <2023-11-01> patch level 1
L3 programming layer <2024-02-20>
(/usr/local/texlive/2024/texmf-dist/tex/latex/base/article.cls
Document Class: article 2023/05/17 v1.4n Standard LaTeX document class
(/usr/local/texlive/2024/texmf-dist/tex/latex/base/size11.clo
File: size11.clo 2023/05/17 v1.4n Standard LaTeX file (size option)
)
\c@part=\count188
\c@section=\count189
\c@subsection=\count190
\c@subsubsection=\count191
\c@paragraph=\count192
\c@subparagraph=\count193
\c@figure=\count194
\c@table=\count195
\abovecaptionskip=\skip48
\belowcaptionskip=\skip49
\bibindent=\dimen140
) (./tareas.sty
Package: tareas 
 (/usr/local/texlive/2024/texmf-dist/tex/latex/base/inputenc.sty
Package: inputenc 2021/02/14 v1.3d Input encoding file
\inpenc@prehook=\toks17
\inpenc@posthook=\toks18
) (/usr/local/texlive/2024/texmf-dist/tex/generic/babel/babel.sty
Package: babel 2024/02/07 v24.2 The Babel package
\babel@savecnt=\count196
\U@D=\dimen141
\l@unhyphenated=\language89
 (/usr/local/texlive/2024/texmf-dist/tex/generic/babel/txtbabel.def)
\bbl@readstream=\read2
\bbl@dirlevel=\count197
 (/usr/local/texlive/2024/texmf-dist/tex/generic/babel-spanish/spanish.ldf
Language: spanish.ldf 2021/05/27 v5.0q Spanish support from the babel system
\es@quottoks=\toks19
\es@quotdepth=\count198
Package babel Info: Making " an active character on input line 570.
Package babel Info: Making . an active character on input line 675.
Package babel Info: Making < an active character on input line 722.
Package babel Info: Making > an active character on input line 722.
)) (/usr/local/texlive/2024/texmf-dist/tex/generic/babel/locale/es/babel-spanish.tex
Package babel Info: Importing font and identification data for spanish
(babel)             from babel-es.ini. Reported on input line 11.
) (/usr/local/texlive/2024/texmf-dist/tex/latex/amsfonts/amssymb.sty
Package: amssymb 2013/01/14 v3.01 AMS font symbols
 (/usr/local/texlive/2024/texmf-dist/tex/latex/amsfonts/amsfonts.sty
Package: amsfonts 2013/01/14 v3.01 Basic AMSFonts support
\@emptytoks=\toks20
\symAMSa=\mathgroup4
\symAMSb=\mathgroup5
LaTeX Font Info:    Redeclaring math symbol \hbar on input line 98.
LaTeX Font Info:    Overwriting math alphabet `\mathfrak' in version `bold'
(Font)                  U/euf/m/n --> U/euf/b/n on input line 106.
)) (/usr/local/texlive/2024/texmf-dist/tex/latex/amsmath/amsmath.sty
Package: amsmath 2023/05/13 v2.17o AMS math features
\@mathmargin=\skip50

For additional information on amsmath, use the `?' option.
(/usr/local/texlive/2024/texmf-dist/tex/latex/amsmath/amstext.sty
Package: amstext 2021/08/26 v2.01 AMS text
 (/usr/local/texlive/2024/texmf-dist/tex/latex/amsmath/amsgen.sty
File: amsgen.sty 1999/11/30 v2.0 generic functions
\@emptytoks=\toks21
\ex@=\dimen142
)) (/usr/local/texlive/2024/texmf-dist/tex/latex/amsmath/amsbsy.sty
Package: amsbsy 1999/11/29 v1.2d Bold Symbols
\pmbraise@=\dimen143
) (/usr/local/texlive/2024/texmf-dist/tex/latex/amsmath/amsopn.sty
Package: amsopn 2022/04/08 v2.04 operator names
)
\inf@bad=\count199
LaTeX Info: Redefining \frac on input line 234.
\uproot@=\count266
\leftroot@=\count267
LaTeX Info: Redefining \overline on input line 399.
LaTeX Info: Redefining \colon on input line 410.
\classnum@=\count268
\DOTSCASE@=\count269
LaTeX Info: Redefining \ldots on input line 496.
LaTeX Info: Redefining \dots on input line 499.
LaTeX Info: Redefining \cdots on input line 620.
\Mathstrutbox@=\box51
\strutbox@=\box52
LaTeX Info: Redefining \big on input line 722.
LaTeX Info: Redefining \Big on input line 723.
LaTeX Info: Redefining \bigg on input line 724.
LaTeX Info: Redefining \Bigg on input line 725.
\big@size=\dimen144
LaTeX Font Info:    Redeclaring font encoding OML on input line 743.
LaTeX Font Info:    Redeclaring font encoding OMS on input line 744.
\macc@depth=\count270
LaTeX Info: Redefining \bmod on input line 905.
LaTeX Info: Redefining \pmod on input line 910.
LaTeX Info: Redefining \smash on input line 940.
LaTeX Info: Redefining \relbar on input line 970.
LaTeX Info: Redefining \Relbar on input line 971.
\c@MaxMatrixCols=\count271
\dotsspace@=\muskip16
\c@parentequation=\count272
\dspbrk@lvl=\count273
\tag@help=\toks22
\row@=\count274
\column@=\count275
\maxfields@=\count276
\andhelp@=\toks23
\eqnshift@=\dimen145
\alignsep@=\dimen146
\tagshift@=\dimen147
\tagwidth@=\dimen148
\totwidth@=\dimen149
\lineht@=\dimen150
\@envbody=\toks24
\multlinegap=\skip51
\multlinetaggap=\skip52
\mathdisplay@stack=\toks25
LaTeX Info: Redefining \[ on input line 2953.
LaTeX Info: Redefining \] on input line 2954.
) (/usr/local/texlive/2024/texmf-dist/tex/latex/amscls/amsthm.sty
Package: amsthm 2020/05/29 v2.20.6
\thm@style=\toks26
\thm@bodyfont=\toks27
\thm@headfont=\toks28
\thm@notefont=\toks29
\thm@headpunct=\toks30
\thm@preskip=\skip53
\thm@postskip=\skip54
\thm@headsep=\skip55
\dth@everypar=\toks31
) (/usr/local/texlive/2024/texmf-dist/tex/latex/tools/calc.sty
Package: calc 2023/07/08 v4.3 Infix arithmetic (KKT,FJ)
\calc@Acount=\count277
\calc@Bcount=\count278
\calc@Adimen=\dimen151
\calc@Bdimen=\dimen152
\calc@Askip=\skip56
\calc@Bskip=\skip57
LaTeX Info: Redefining \setlength on input line 80.
LaTeX Info: Redefining \addtolength on input line 81.
\calc@Ccount=\count279
\calc@Cskip=\skip58
) (/usr/local/texlive/2024/texmf-dist/tex/latex/graphics/graphicx.sty
Package: graphicx 2021/09/16 v1.2d Enhanced LaTeX Graphics (DPC,SPQR)
 (/usr/local/texlive/2024/texmf-dist/tex/latex/graphics/keyval.sty
Package: keyval 2022/05/29 v1.15 key=value parser (DPC)
\KV@toks@=\toks32
) (/usr/local/texlive/2024/texmf-dist/tex/latex/graphics/graphics.sty
Package: graphics 2022/03/10 v1.4e Standard LaTeX Graphics (DPC,SPQR)
 (/usr/local/texlive/2024/texmf-dist/tex/latex/graphics/trig.sty
Package: trig 2021/08/11 v1.11 sin cos tan (DPC)
) (/usr/local/texlive/2024/texmf-dist/tex/latex/graphics-cfg/graphics.cfg
File: graphics.cfg 2016/06/04 v1.11 sample graphics configuration
)
Package graphics Info: Driver file: pdftex.def on input line 107.
 (/usr/local/texlive/2024/texmf-dist/tex/latex/graphics-def/pdftex.def
File: pdftex.def 2022/09/22 v1.2b Graphics/color driver for pdftex
))
\Gin@req@height=\dimen153
\Gin@req@width=\dimen154
) (/usr/local/texlive/2024/texmf-dist/tex/latex/placeins/placeins.sty
Package: placeins 2005/04/18  v 2.2
) (/usr/local/texlive/2024/texmf-dist/tex/latex/float/float.sty
Package: float 2001/11/08 v1.3d Float enhancements (AL)
\c@float@type=\count280
\float@exts=\toks33
\float@box=\box53
\@float@everytoks=\toks34
\@floatcapt=\box54
) (/usr/local/texlive/2024/texmf-dist/tex/latex/caption/caption.sty
Package: caption 2023/08/05 v3.6o Customizing captions (AR)
 (/usr/local/texlive/2024/texmf-dist/tex/latex/caption/caption3.sty
Package: caption3 2023/07/31 v2.4d caption3 kernel (AR)
\caption@tempdima=\dimen155
\captionmargin=\dimen156
\caption@leftmargin=\dimen157
\caption@rightmargin=\dimen158
\caption@width=\dimen159
\caption@indent=\dimen160
\caption@parindent=\dimen161
\caption@hangindent=\dimen162
Package caption Info: Standard document class detected.
)
\c@caption@flags=\count281
\c@continuedfloat=\count282
Package caption Info: float package is loaded.
) (/usr/local/texlive/2024/texmf-dist/tex/latex/subfigure/subfigure.sty
Package: subfigure 2002/03/15 v2.1.5 subfigure package
\subfigtopskip=\skip59
\subfigcapskip=\skip60
\subfigcaptopadj=\dimen163
\subfigbottomskip=\skip61
\subfigcapmargin=\dimen164
\subfiglabelskip=\skip62
\c@subfigure=\count283
\c@lofdepth=\count284
\c@subtable=\count285
\c@lotdepth=\count286

****************************************
* Local config file subfigure.cfg used *
****************************************
(/usr/local/texlive/2024/texmf-dist/tex/latex/subfigure/subfigure.cfg)
\subfig@top=\skip63
\subfig@bottom=\skip64
) (/usr/local/texlive/2024/texmf-dist/tex/latex/wasysym/wasysym.sty
Package: wasysym 2020/01/19 v2.4 Wasy-2 symbol support package
\symwasy=\mathgroup6
LaTeX Font Info:    Overwriting symbol font `wasy' in version `bold'
(Font)                  U/wasy/m/n --> U/wasy/b/n on input line 93.
) (/usr/local/texlive/2024/texmf-dist/tex/latex/relsize/relsize.sty
Package: relsize 2013/03/29 ver 4.1
) (/usr/local/texlive/2024/texmf-dist/tex/latex/etoolbox/etoolbox.sty
Package: etoolbox 2020/10/05 v2.5k e-TeX tools for LaTeX (JAW)
\etb@tempcnta=\count287
) (/usr/local/texlive/2024/texmf-dist/tex/latex/base/textcomp.sty
Package: textcomp 2020/02/02 v2.0n Standard LaTeX package
) (/usr/local/texlive/2024/texmf-dist/tex/latex/enumitem/enumitem.sty
Package: enumitem 2019/06/20 v3.9 Customized lists
\labelindent=\skip65
\enit@outerparindent=\dimen165
\enit@toks=\toks35
\enit@inbox=\box55
\enit@count@id=\count288
\enitdp@description=\count289
) (/usr/local/texlive/2024/texmf-dist/tex/latex/gensymb/gensymb.sty
Package: gensymb 2022/10/17 v1.0.2 (KJH)
) (/usr/local/texlive/2024/texmf-dist/tex/latex/natbib/natbib.sty
Package: natbib 2010/09/13 8.31b (PWD, AO)
\bibhang=\skip66
\bibsep=\skip67
LaTeX Info: Redefining \cite on input line 694.
\c@NAT@ctr=\count290
) (/usr/local/texlive/2024/texmf-dist/tex/latex/parskip/parskip.sty
Package: parskip 2021-03-14 v2.0h non-zero parskip adjustments
 (/usr/local/texlive/2024/texmf-dist/tex/latex/kvoptions/kvoptions.sty
Package: kvoptions 2022-06-15 v3.15 Key value format for package options (HO)
 (/usr/local/texlive/2024/texmf-dist/tex/generic/ltxcmds/ltxcmds.sty
Package: ltxcmds 2023-12-04 v1.26 LaTeX kernel commands for general use (HO)
) (/usr/local/texlive/2024/texmf-dist/tex/latex/kvsetkeys/kvsetkeys.sty
Package: kvsetkeys 2022-10-05 v1.19 Key value parser (HO)
))) (/usr/local/texlive/2024/texmf-dist/tex/latex/xcolor/xcolor.sty
Package: xcolor 2023/11/15 v3.01 LaTeX color extensions (UK)
 (/usr/local/texlive/2024/texmf-dist/tex/latex/graphics-cfg/color.cfg
File: color.cfg 2016/01/02 v1.6 sample color configuration
)
Package xcolor Info: Driver file: pdftex.def on input line 274.
 (/usr/local/texlive/2024/texmf-dist/tex/latex/graphics/mathcolor.ltx)
Package xcolor Info: Model `cmy' substituted by `cmy0' on input line 1350.
Package xcolor Info: Model `hsb' substituted by `rgb' on input line 1354.
Package xcolor Info: Model `RGB' extended on input line 1366.
Package xcolor Info: Model `HTML' substituted by `rgb' on input line 1368.
Package xcolor Info: Model `Hsb' substituted by `hsb' on input line 1369.
Package xcolor Info: Model `tHsb' substituted by `hsb' on input line 1370.
Package xcolor Info: Model `HSB' substituted by `hsb' on input line 1371.
Package xcolor Info: Model `Gray' substituted by `gray' on input line 1372.
Package xcolor Info: Model `wave' substituted by `hsb' on input line 1373.
) (/usr/local/texlive/2024/texmf-dist/tex/latex/fancyhdr/fancyhdr.sty
Package: fancyhdr 2022/11/09 v4.1 Extensive control of page headers and footers
\f@nch@headwidth=\skip68
\f@nch@O@elh=\skip69
\f@nch@O@erh=\skip70
\f@nch@O@olh=\skip71
\f@nch@O@orh=\skip72
\f@nch@O@elf=\skip73
\f@nch@O@erf=\skip74
\f@nch@O@olf=\skip75
\f@nch@O@orf=\skip76
) (/usr/local/texlive/2024/texmf-dist/tex/latex/was/upgreek.sty
Package: upgreek 2003/02/12 v2.0 (WaS)
Package upgreek Info: Using Euler Roman for upright Greek on input line 31.
\symugrf@m=\mathgroup7
LaTeX Font Info:    Overwriting symbol font `ugrf@m' in version `bold'
(Font)                  U/eur/m/n --> U/eur/b/n on input line 38.
) (/usr/local/texlive/2024/texmf-dist/tex/latex/listings/listings.sty
\lst@mode=\count291
\lst@gtempboxa=\box56
\lst@token=\toks36
\lst@length=\count292
\lst@currlwidth=\dimen166
\lst@column=\count293
\lst@pos=\count294
\lst@lostspace=\dimen167
\lst@width=\dimen168
\lst@newlines=\count295
\lst@lineno=\count296
\lst@maxwidth=\dimen169
 (/usr/local/texlive/2024/texmf-dist/tex/latex/listings/lstpatch.sty
File: lstpatch.sty 2024/02/21 1.10 (Carsten Heinz)
) (/usr/local/texlive/2024/texmf-dist/tex/latex/listings/lstmisc.sty
File: lstmisc.sty 2024/02/21 1.10 (Carsten Heinz)
\c@lstnumber=\count297
\lst@skipnumbers=\count298
\lst@framebox=\box57
) (/usr/local/texlive/2024/texmf-dist/tex/latex/listings/listings.cfg
File: listings.cfg 2024/02/21 1.10 listings configuration
))
Package: listings 2024/02/21 1.10 (Carsten Heinz)
 (/usr/local/texlive/2024/texmf-dist/tex/latex/tools/enumerate.sty
Package: enumerate 2023/07/04 v3.00 enumerate extensions (DPC)
\@enLab=\toks37
) (/usr/local/texlive/2024/texmf-dist/tex/latex/geometry/geometry.sty
Package: geometry 2020/01/02 v5.9 Page Geometry
 (/usr/local/texlive/2024/texmf-dist/tex/generic/iftex/ifvtex.sty
Package: ifvtex 2019/10/25 v1.7 ifvtex legacy package. Use iftex instead.
 (/usr/local/texlive/2024/texmf-dist/tex/generic/iftex/iftex.sty
Package: iftex 2022/02/03 v1.0f TeX engine tests
))
\Gm@cnth=\count299
\Gm@cntv=\count300
\c@Gm@tempcnt=\count301
\Gm@bindingoffset=\dimen170
\Gm@wd@mp=\dimen171
\Gm@odd@mp=\dimen172
\Gm@even@mp=\dimen173
\Gm@layoutwidth=\dimen174
\Gm@layoutheight=\dimen175
\Gm@layouthoffset=\dimen176
\Gm@layoutvoffset=\dimen177
\Gm@dimlist=\toks38
) (/usr/local/texlive/2024/texmf-dist/tex/latex/mathtools/mathtools.sty
Package: mathtools 2024/03/11 v1.30 mathematical typesetting tools
 (/usr/local/texlive/2024/texmf-dist/tex/latex/mathtools/mhsetup.sty
Package: mhsetup 2021/03/18 v1.4 programming setup (MH)
)
\g_MT_multlinerow_int=\count302
\l_MT_multwidth_dim=\dimen178
\origjot=\skip77
\l_MT_shortvdotswithinadjustabove_dim=\dimen179
\l_MT_shortvdotswithinadjustbelow_dim=\dimen180
\l_MT_above_intertext_sep=\dimen181
\l_MT_below_intertext_sep=\dimen182
\l_MT_above_shortintertext_sep=\dimen183
\l_MT_below_shortintertext_sep=\dimen184
\xmathstrut@box=\box58
\xmathstrut@dim=\dimen185
)) (/usr/local/texlive/2024/texmf-dist/tex/latex/l3backend/l3backend-pdftex.def
File: l3backend-pdftex.def 2024-02-20 L3 backend support: PDF output (pdfTeX)
\l__color_backend_stack_int=\count303
\l__pdf_internal_box=\box59
) (./tarea.aux
LaTeX Info: Redefining \. on input line 8.
LaTeX Info: Redefining \% on input line 8.


LaTeX Warning: Label `fig:p2_4' multiply defined.


LaTeX Warning: Label `fig:p2_4' multiply defined.


LaTeX Warning: Label `fig:p2_6' multiply defined.


LaTeX Warning: Label `fig:p2_6' multiply defined.


LaTeX Warning: Label `fig:p2_8' multiply defined.

)
\openout1 = `tarea.aux'.

LaTeX Font Info:    Checking defaults for OML/cmm/m/it on input line 8.
LaTeX Font Info:    ... okay on input line 8.
LaTeX Font Info:    Checking defaults for OMS/cmsy/m/n on input line 8.
LaTeX Font Info:    ... okay on input line 8.
LaTeX Font Info:    Checking defaults for OT1/cmr/m/n on input line 8.
LaTeX Font Info:    ... okay on input line 8.
LaTeX Font Info:    Checking defaults for T1/cmr/m/n on input line 8.
LaTeX Font Info:    ... okay on input line 8.
LaTeX Font Info:    Checking defaults for TS1/cmr/m/n on input line 8.
LaTeX Font Info:    ... okay on input line 8.
LaTeX Font Info:    Checking defaults for OMX/cmex/m/n on input line 8.
LaTeX Font Info:    ... okay on input line 8.
LaTeX Font Info:    Checking defaults for U/cmr/m/n on input line 8.
LaTeX Font Info:    ... okay on input line 8.
LaTeX Info: Redefining \. on input line 8.
LaTeX Info: Redefining \% on input line 8.
 (/usr/local/texlive/2024/texmf-dist/tex/context/base/mkii/supp-pdf.mkii
[Loading MPS to PDF converter (version 2006.09.02).]
\scratchcounter=\count304
\scratchdimen=\dimen186
\scratchbox=\box60
\nofMPsegments=\count305
\nofMParguments=\count306
\everyMPshowfont=\toks39
\MPscratchCnt=\count307
\MPscratchDim=\dimen187
\MPnumerator=\count308
\makeMPintoPDFobject=\count309
\everyMPtoPDFconversion=\toks40
) (/usr/local/texlive/2024/texmf-dist/tex/latex/epstopdf-pkg/epstopdf-base.sty
Package: epstopdf-base 2020-01-24 v2.11 Base part for package epstopdf
Package epstopdf-base Info: Redefining graphics rule for `.eps' on input line 485.
 (/usr/local/texlive/2024/texmf-dist/tex/latex/latexconfig/epstopdf-sys.cfg
File: epstopdf-sys.cfg 2010/07/13 v1.3 Configuration of (r)epstopdf for TeX Live
))
Package caption Info: Begin \AtBeginDocument code.
Package caption Info: listings package is loaded.
Package caption Info: subfigure package is loaded.
Package caption Info: End \AtBeginDocument code.
\symgns@font=\mathgroup8
LaTeX Font Info:    Overwriting symbol font `gns@font' in version `bold'
(Font)                  TS1/cmr/m/n --> TS1/cmr/b/n on input line 8.
Package gensymb Info: Math companion symbols declared on input line 8.
LaTeX Info: Redefining \degree on input line 8.
LaTeX Info: Redefining \celsius on input line 8.
Package gensymb Info: Using text companion symbols for \degree, \celsius and \perthousand on input line 8.
LaTeX Info: Redefining \ohm on input line 8.
Package gensymb Info: Using \textohm for \ohm on input line 8.
Package gensymb Info: Using \textmu for \micro on input line 8.
\c@lstlisting=\count310

*geometry* driver: auto-detecting
*geometry* detected driver: pdftex
*geometry* verbose mode - [ preamble ] result:
* driver: pdftex
* paper: a4paper
* layout: <same size as paper>
* layoutoffset:(h,v)=(0.0pt,0.0pt)
* modes: 
* h-part:(L,W,R)=(54.06006pt, 489.38776pt, 54.06006pt)
* v-part:(T,H,B)=(21.33955pt, 766.80179pt, 56.9055pt)
* \paperwidth=597.50787pt
* \paperheight=845.04684pt
* \textwidth=489.38776pt
* \textheight=766.80179pt
* \oddsidemargin=-18.20993pt
* \evensidemargin=-18.20993pt
* \topmargin=-87.93044pt
* \headheight=12.0pt
* \headsep=25.0pt
* \topskip=11.0pt
* \footskip=30.0pt
* \marginparwidth=50.0pt
* \marginparsep=10.0pt
* \columnsep=10.0pt
* \skip\footins=10.0pt plus 4.0pt minus 2.0pt
* \hoffset=0.0pt
* \voffset=0.0pt
* \mag=1000
* \@twocolumnfalse
* \@twosidefalse
* \@mparswitchfalse
* \@reversemarginfalse
* (1in=72.27pt=25.4mm, 1cm=28.453pt)

LaTeX Font Info:    Trying to load font information for U+msa on input line 10.
(/usr/local/texlive/2024/texmf-dist/tex/latex/amsfonts/umsa.fd
File: umsa.fd 2013/01/14 v3.01 AMS symbols A
)
LaTeX Font Info:    Trying to load font information for U+msb on input line 10.
 (/usr/local/texlive/2024/texmf-dist/tex/latex/amsfonts/umsb.fd
File: umsb.fd 2013/01/14 v3.01 AMS symbols B
)
LaTeX Font Info:    Trying to load font information for U+wasy on input line 10.
 (/usr/local/texlive/2024/texmf-dist/tex/latex/wasysym/uwasy.fd
File: uwasy.fd 2020/01/19 v2.4 Wasy-2 symbol font definitions
)
<UC_logo1.png, id=1, 512.1534pt x 295.1025pt>
File: UC_logo1.png Graphic file (type png)
<use UC_logo1.png>
Package pdftex.def Info: UC_logo1.png  used on input line 11.
(pdftex.def)             Requested size: 133.15674pt x 76.72482pt.

Overfull \hbox (19.34572pt too wide) in paragraph at lines 11--11
[][] 
 []

<fis_logo.png, id=3, 512.1534pt x 392.1852pt>
File: fis_logo.png Graphic file (type png)
<use fis_logo.png>
Package pdftex.def Info: fis_logo.png  used on input line 11.
(pdftex.def)             Requested size: 128.03802pt x 98.04605pt.

Overfull \hbox (39.83432pt too wide) in paragraph at lines 11--11
[][] 
 []

<p1/a/pi_q.pdf, id=4, 462.52798pt x 346.89601pt>
File: p1/a/pi_q.pdf Graphic file (type pdf)
<use p1/a/pi_q.pdf>
Package pdftex.def Info: p1/a/pi_q.pdf  used on input line 18.
(pdftex.def)             Requested size: 391.51169pt x 293.64555pt.
<p1/a/mse.pdf, id=5, 462.52798pt x 346.89601pt>
File: p1/a/mse.pdf Graphic file (type pdf)
<use p1/a/mse.pdf>
Package pdftex.def Info: p1/a/mse.pdf  used on input line 30.
(pdftex.def)             Requested size: 391.51169pt x 293.64555pt.
[1


{/usr/local/texlive/2024/texmf-var/fonts/map/pdftex/updmap/pdftex.map} <./UC_logo1.png> <./fis_logo.png> <./p1/a/pi_q.pdf>]
<p1/b/markov-pi.png, id=35, 462.528pt x 346.896pt>
File: p1/b/markov-pi.png Graphic file (type png)
<use p1/b/markov-pi.png>
Package pdftex.def Info: p1/b/markov-pi.png  used on input line 40.
(pdftex.def)             Requested size: 391.51169pt x 293.64554pt.
<p1/b/mse-markov.pdf, id=36, 462.52798pt x 346.89601pt>
File: p1/b/mse-markov.pdf Graphic file (type pdf)
<use p1/b/mse-markov.pdf>
Package pdftex.def Info: p1/b/mse-markov.pdf  used on input line 48.
(pdftex.def)             Requested size: 391.51169pt x 293.64555pt.
 [2 <./p1/a/mse.pdf> <./p1/b/markov-pi.png>] [3 <./p1/b/mse-markov.pdf>]
Overfull \hbox (28.97198pt too wide) in paragraph at lines 61--63
[]\OT1/cmr/m/n/10.95 Para es-te ca-so se tie-ne que usan-do el al-go-rit-mo \OT1/cmtt/m/n/10.95 gray-flip \OT1/cmr/m/n/10.95 com-bin^^Sando-lo con el al-go-rit-mo de \OT1/cmtt/m/n/10.95 enumerate-ising
 []

<p2/a/p2_1.png, id=87, 605.26125pt x 140.525pt>
File: p2/a/p2_1.png Graphic file (type png)
<use p2/a/p2_1.png>
Package pdftex.def Info: p2/a/p2_1.png  used on input line 66.
(pdftex.def)             Requested size: 391.51169pt x 90.89844pt.
<p2/a/p2_2.png, id=88, 687.56876pt x 418.56375pt>
File: p2/a/p2_2.png Graphic file (type png)
<use p2/a/p2_2.png>
Package pdftex.def Info: p2/a/p2_2.png  used on input line 73.
(pdftex.def)             Requested size: 391.51169pt x 238.33472pt.
<p2/a/p2_3.png, id=89, 609.27625pt x 145.54375pt>
File: p2/a/p2_3.png Graphic file (type png)
<use p2/a/p2_3.png>
Package pdftex.def Info: p2/a/p2_3.png  used on input line 90.
(pdftex.def)             Requested size: 391.51169pt x 93.52742pt.
<p2/a/p2_4.png, id=90, 676.5275pt x 604.2575pt>
File: p2/a/p2_4.png Graphic file (type png)
<use p2/a/p2_4.png>
Package pdftex.def Info: p2/a/p2_4.png  used on input line 97.
(pdftex.def)             Requested size: 391.51169pt x 349.6951pt.
[4 <./p2/a/p2_1.png> <./p2/a/p2_2.png> <./p2/a/p2_3.png>]
<p2/b/N2_energy_GrayFlip.pdf, id=97, 462.52798pt x 346.89601pt>
File: p2/b/N2_energy_GrayFlip.pdf Graphic file (type pdf)
<use p2/b/N2_energy_GrayFlip.pdf>
Package pdftex.def Info: p2/b/N2_energy_GrayFlip.pdf  used on input line 109.
(pdftex.def)             Requested size: 391.51169pt x 293.64555pt.
<p2/b/N4_energy_GrayFlip.pdf, id=98, 462.52798pt x 346.89601pt>
File: p2/b/N4_energy_GrayFlip.pdf Graphic file (type pdf)
<use p2/b/N4_energy_GrayFlip.pdf>
Package pdftex.def Info: p2/b/N4_energy_GrayFlip.pdf  used on input line 116.
(pdftex.def)             Requested size: 391.51169pt x 293.64555pt.
 [5 <./p2/a/p2_4.png> <./p2/b/N2_energy_GrayFlip.pdf>]
<p2/b/N2_magnetizacion_GrayFlip.pdf, id=113, 462.52798pt x 346.89601pt>
File: p2/b/N2_magnetizacion_GrayFlip.pdf Graphic file (type pdf)
<use p2/b/N2_magnetizacion_GrayFlip.pdf>
Package pdftex.def Info: p2/b/N2_magnetizacion_GrayFlip.pdf  used on input line 123.
(pdftex.def)             Requested size: 391.51169pt x 293.64555pt.
<p2/b/N4_magnetizacion_GrayFlip.pdf, id=114, 462.52798pt x 346.89601pt>
File: p2/b/N4_magnetizacion_GrayFlip.pdf Graphic file (type pdf)
<use p2/b/N4_magnetizacion_GrayFlip.pdf>
Package pdftex.def Info: p2/b/N4_magnetizacion_GrayFlip.pdf  used on input line 130.
(pdftex.def)             Requested size: 391.51169pt x 293.64555pt.
 [6 <./p2/b/N4_energy_GrayFlip.pdf> <./p2/b/N2_magnetizacion_GrayFlip.pdf>]
<p2/b/N2_pi_m.pdf, id=138, 462.52798pt x 346.89601pt>
File: p2/b/N2_pi_m.pdf Graphic file (type pdf)
<use p2/b/N2_pi_m.pdf>
Package pdftex.def Info: p2/b/N2_pi_m.pdf  used on input line 137.
(pdftex.def)             Requested size: 391.51169pt x 293.64555pt.
<p2/b/N4_pi_m.pdf, id=139, 462.52798pt x 346.89601pt>
File: p2/b/N4_pi_m.pdf Graphic file (type pdf)
<use p2/b/N4_pi_m.pdf>
Package pdftex.def Info: p2/b/N4_pi_m.pdf  used on input line 144.
(pdftex.def)             Requested size: 391.51169pt x 293.64555pt.
 [7 <./p2/b/N4_magnetizacion_GrayFlip.pdf> <./p2/b/N2_pi_m.pdf>]
<p2/N2_binder.pdf, id=169, 462.52798pt x 346.89601pt>
File: p2/N2_binder.pdf Graphic file (type pdf)
<use p2/N2_binder.pdf>
Package pdftex.def Info: p2/N2_binder.pdf  used on input line 152.
(pdftex.def)             Requested size: 391.51169pt x 293.64555pt.
<p2/N4_binder.pdf, id=170, 462.52798pt x 346.89601pt>
File: p2/N4_binder.pdf Graphic file (type pdf)
<use p2/N4_binder.pdf>
Package pdftex.def Info: p2/N4_binder.pdf  used on input line 159.
(pdftex.def)             Requested size: 391.51169pt x 293.64555pt.
 [8 <./p2/b/N4_pi_m.pdf> <./p2/N2_binder.pdf>]
<p2/all_binder.pdf, id=194, 462.52798pt x 346.89601pt>
File: p2/all_binder.pdf Graphic file (type pdf)
<use p2/all_binder.pdf>
Package pdftex.def Info: p2/all_binder.pdf  used on input line 166.
(pdftex.def)             Requested size: 391.51169pt x 293.64555pt.
 [9 <./p2/N4_binder.pdf> <./p2/all_binder.pdf>] [10]
<p3/p3_1.png, id=219, 663.98062pt x 144.03813pt>
File: p3/p3_1.png Graphic file (type png)
<use p3/p3_1.png>
Package pdftex.def Info: p3/p3_1.png  used on input line 181.
(pdftex.def)             Requested size: 391.51169pt x 84.9312pt.
<p3/p3_2.png, id=220, 662.97687pt x 287.57437pt>
File: p3/p3_2.png Graphic file (type png)
<use p3/p3_2.png>
Package pdftex.def Info: p3/p3_2.png  used on input line 188.
(pdftex.def)             Requested size: 391.51169pt x 169.82098pt.
<p3/T_vs_M.pdf, id=221, 462.52798pt x 346.89601pt>
File: p3/T_vs_M.pdf Graphic file (type pdf)
<use p3/T_vs_M.pdf>
Package pdftex.def Info: p3/T_vs_M.pdf  used on input line 201.
(pdftex.def)             Requested size: 300.63962pt x 225.47972pt.
 [11 <./p3/p3_1.png> <./p3/p3_2.png>]

LaTeX Warning: Command \guillemotright invalid in math mode on input line 206.

[12 <./p3/T_vs_M.pdf>]
<p4/p4_1.png, id=241, 822.57312pt x 210.28563pt>
File: p4/p4_1.png Graphic file (type png)
<use p4/p4_1.png>
Package pdftex.def Info: p4/p4_1.png  used on input line 216.
(pdftex.def)             Requested size: 391.51169pt x 100.08565pt.
<p4/N6_magnetization_hist.pdf, id=242, 462.52798pt x 346.89601pt>
File: p4/N6_magnetization_hist.pdf Graphic file (type pdf)
<use p4/N6_magnetization_hist.pdf>
Package pdftex.def Info: p4/N6_magnetization_hist.pdf  used on input line 227.
(pdftex.def)             Requested size: 391.51169pt x 293.64555pt.
<p4/N16_magnetization_hist.pdf, id=243, 462.52798pt x 346.89601pt>
File: p4/N16_magnetization_hist.pdf Graphic file (type pdf)
<use p4/N16_magnetization_hist.pdf>
Package pdftex.def Info: p4/N16_magnetization_hist.pdf  used on input line 235.
(pdftex.def)             Requested size: 391.51169pt x 293.64555pt.
 [13 <./p4/p4_1.png> <./p4/N6_magnetization_hist.pdf>] [14 <./p4/N16_magnetization_hist.pdf>]
<p4/N32_magnetization_hist.pdf, id=272, 462.52798pt x 346.89601pt>
File: p4/N32_magnetization_hist.pdf Graphic file (type pdf)
<use p4/N32_magnetization_hist.pdf>
Package pdftex.def Info: p4/N32_magnetization_hist.pdf  used on input line 243.
(pdftex.def)             Requested size: 391.51169pt x 293.64555pt.
<p4/N64_magnetization_hist.pdf, id=273, 462.52798pt x 346.89601pt>
File: p4/N64_magnetization_hist.pdf Graphic file (type pdf)
<use p4/N64_magnetization_hist.pdf>
Package pdftex.def Info: p4/N64_magnetization_hist.pdf  used on input line 251.
(pdftex.def)             Requested size: 391.51169pt x 293.64555pt.
<p4/N6_binder.pdf, id=274, 462.52798pt x 346.89601pt>
File: p4/N6_binder.pdf Graphic file (type pdf)
<use p4/N6_binder.pdf>
Package pdftex.def Info: p4/N6_binder.pdf  used on input line 263.
(pdftex.def)             Requested size: 220.22299pt x 165.169pt.
<p4/N16_binder.pdf, id=275, 462.52798pt x 346.89601pt>
File: p4/N16_binder.pdf Graphic file (type pdf)
<use p4/N16_binder.pdf>
Package pdftex.def Info: p4/N16_binder.pdf  used on input line 270.
(pdftex.def)             Requested size: 220.22299pt x 165.169pt.
<p4/N32_binder.pdf, id=276, 462.52798pt x 346.89601pt>
File: p4/N32_binder.pdf Graphic file (type pdf)
<use p4/N32_binder.pdf>
Package pdftex.def Info: p4/N32_binder.pdf  used on input line 277.
(pdftex.def)             Requested size: 220.22299pt x 165.169pt.
<p4/N64_binder.pdf, id=277, 462.52798pt x 346.89601pt>
File: p4/N64_binder.pdf Graphic file (type pdf)
<use p4/N64_binder.pdf>
Package pdftex.def Info: p4/N64_binder.pdf  used on input line 284.
(pdftex.def)             Requested size: 220.22299pt x 165.169pt.
 [15 <./p4/N32_magnetization_hist.pdf> <./p4/N64_magnetization_hist.pdf>]
<p4/all_binder.pdf, id=302, 462.52798pt x 346.89601pt>
File: p4/all_binder.pdf Graphic file (type pdf)
<use p4/all_binder.pdf>
Package pdftex.def Info: p4/all_binder.pdf  used on input line 292.
(pdftex.def)             Requested size: 318.09904pt x 238.5857pt.
 [16 <./p4/N6_binder.pdf> <./p4/N16_binder.pdf> <./p4/N32_binder.pdf> <./p4/N64_binder.pdf> <./p4/all_binder.pdf>] [17] (./tarea.aux
LaTeX Info: Redefining \. on input line 8.
LaTeX Info: Redefining \% on input line 8.
)
 ***********
LaTeX2e <2023-11-01> patch level 1
L3 programming layer <2024-02-20>
 ***********


LaTeX Warning: There were multiply-defined labels.

 ) 
Here is how much of TeX's memory you used:
 11186 strings out of 474116
 178851 string characters out of 5743682
 1932187 words of memory out of 5000000
 33381 multiletter control sequences out of 15000+600000
 573784 words of font info for 95 fonts, out of 8000000 for 9000
 1141 hyphenation exceptions out of 8191
 72i,9n,79p,594b,441s stack positions out of 10000i,1000n,20000p,200000b,200000s
</usr/local/texlive/2024/texmf-dist/fonts/type1/public/amsfonts/cm/cmbx10.pfb></usr/local/texlive/2024/texmf-dist/fonts/type1/public/amsfonts/cm/cmbx12.pfb></usr/local/texlive/2024/texmf-dist/fonts/type1/public/amsfonts/cm/cmcsc10.pfb></usr/local/texlive/2024/texmf-dist/fonts/type1/public/amsfonts/cm/cmmi10.pfb></usr/local/texlive/2024/texmf-dist/fonts/type1/public/amsfonts/cm/cmmi12.pfb></usr/local/texlive/2024/texmf-dist/fonts/type1/public/amsfonts/cm/cmmi6.pfb></usr/local/texlive/2024/texmf-dist/fonts/type1/public/amsfonts/cm/cmmi8.pfb></usr/local/texlive/2024/texmf-dist/fonts/type1/public/amsfonts/cm/cmmi9.pfb></usr/local/texlive/2024/texmf-dist/fonts/type1/public/amsfonts/cm/cmr10.pfb></usr/local/texlive/2024/texmf-dist/fonts/type1/public/amsfonts/cm/cmr12.pfb></usr/local/texlive/2024/texmf-dist/fonts/type1/public/amsfonts/cm/cmr6.pfb></usr/local/texlive/2024/texmf-dist/fonts/type1/public/amsfonts/cm/cmr8.pfb></usr/local/texlive/2024/texmf-dist/fonts/type1/public/amsfonts/cm/cmr9.pfb></usr/local/texlive/2024/texmf-dist/fonts/type1/public/amsfonts/cm/cmsy10.pfb></usr/local/texlive/2024/texmf-dist/fonts/type1/public/amsfonts/cm/cmsy9.pfb></usr/local/texlive/2024/texmf-dist/fonts/type1/public/amsfonts/cm/cmtt10.pfb>
Output written on tarea.pdf (17 pages, 1349199 bytes).
PDF statistics:
 405 PDF objects out of 1000 (max. 8388607)
 307 compressed objects within 4 object streams
 0 named destinations out of 1000 (max. 500000)
 161 words of extra memory for PDF output out of 10000 (max. 10000000)

