T: 0 Binder: 1 <E/N>: -2 C_v: nan
T: 0.1 Binder: 1 <E/N>: -2 C_v: 0
T: 0.2 Binder: 1 <E/N>: -2 C_v: 0
T: 0.3 Binder: 1 <E/N>: -2 C_v: 0
T: 0.4 Binder: 1 <E/N>: -2 C_v: 8.78894e-07
T: 0.5 Binder: 1 <E/N>: -2 C_v: 2.94861e-05
T: 0.6 Binder: 1 <E/N>: -1.99999 C_v: 0.00028865
T: 0.7 Binder: 1 <E/N>: -1.99991 C_v: 0.00143563
T: 0.8 Binder: 1 <E/N>: -1.99963 C_v: 0.00467598
T: 0.9 Binder: 1 <E/N>: -1.99885 C_v: 0.0115546
T: 1 Binder: 0.999999 <E/N>: -1.99716 C_v: 0.0233766
T: 1.1 Binder: 0.999998 <E/N>: -1.99397 C_v: 0.0415324
T: 1.2 Binder: 0.999997 <E/N>: -1.98859 C_v: 0.0670928
T: 1.3 Binder: 0.999993 <E/N>: -1.98026 C_v: 0.101029
T: 1.4 Binder: 0.999988 <E/N>: -1.96809 C_v: 0.143985
T: 1.5 Binder: 0.99998 <E/N>: -1.95112 C_v: 0.197036
T: 1.6 Binder: 0.999965 <E/N>: -1.92824 C_v: 0.26178
T: 1.7 Binder: 0.999939 <E/N>: -1.89821 C_v: 0.340257
T: 1.8 Binder: 0.999891 <E/N>: -1.85932 C_v: 0.43842
T: 1.9 Binder: 0.999793 <E/N>: -1.80955 C_v: 0.559344
T: 2 Binder: 0.999554 <E/N>: -1.74555 C_v: 0.719467
T: 2.1 Binder: 0.998742 <E/N>: -1.66204 C_v: 0.957611
T: 2.2 Binder: 0.992564 <E/N>: -1.54651 C_v: 1.40825
T: 2.3 Binder: 0.757292 <E/N>: -1.35556 C_v: 2.1111
T: 2.4 Binder: 0.182288 <E/N>: -1.20366 C_v: 1.1248
T: 2.5 Binder: 0.0591555 <E/N>: -1.10554 C_v: 0.857651
T: 2.6 Binder: 0.0320819 <E/N>: -1.02749 C_v: 0.696021
T: 2.7 Binder: 0.0325133 <E/N>: -0.963992 C_v: 0.581205
T: 2.8 Binder: 0.0300557 <E/N>: -0.90923 C_v: 0.516158
T: 2.9 Binder: 0.0200381 <E/N>: -0.8607 C_v: 0.460908
T: 3 Binder: 0.0247921 <E/N>: -0.817243 C_v: 0.405779
T: 3.1 Binder: 0.00372687 <E/N>: -0.779119 C_v: 0.352574
T: 3.2 Binder: 0.0253961 <E/N>: -0.744905 C_v: 0.328726
T: 3.3 Binder: 0.00597822 <E/N>: -0.713424 C_v: 0.291047
T: 3.4 Binder: 0.00243054 <E/N>: -0.686171 C_v: 0.265018
T: 3.5 Binder: 0.00235899 <E/N>: -0.660661 C_v: 0.245292
T: 3.6 Binder: -0.0199178 <E/N>: -0.636433 C_v: 0.229404
T: 3.7 Binder: -0.0147591 <E/N>: -0.614686 C_v: 0.208575
T: 3.8 Binder: 0.000578548 <E/N>: -0.593845 C_v: 0.196329
T: 3.9 Binder: 0.0302104 <E/N>: -0.574357 C_v: 0.182636
T: 4 Binder: -0.02178 <E/N>: -0.55939 C_v: 0.174143
T: 4.1 Binder: -0.0205388 <E/N>: -0.540676 C_v: 0.158306
T: 4.2 Binder: 0.0365717 <E/N>: -0.52499 C_v: 0.152643
T: 4.3 Binder: 0.0714144 <E/N>: -0.510748 C_v: 0.142273
T: 4.4 Binder: 0.0258044 <E/N>: -0.496484 C_v: 0.131341
T: 4.5 Binder: 0.0310169 <E/N>: -0.482948 C_v: 0.125158
T: 4.6 Binder: -0.0511478 <E/N>: -0.473008 C_v: 0.12003
T: 4.7 Binder: -0.0561584 <E/N>: -0.461235 C_v: 0.112891
T: 4.8 Binder: 0.0317357 <E/N>: -0.449017 C_v: 0.108978
T: 4.9 Binder: -0.0406321 <E/N>: -0.438209 C_v: 0.104407
T: 5 Binder: 0.01971 <E/N>: -0.429026 C_v: 0.0945927
T: 0.1 Binder: 1
T: 0.2 Binder: 1
T: 0.3 Binder: 1
T: 0.4 Binder: 1
T: 0.5 Binder: 1
T: 0.6 Binder: 1
T: 0.7 Binder: 0.999997
T: 0.8 Binder: 0.99999
T: 0.9 Binder: 0.999968
T: 1 Binder: 0.999917
T: 1.1 Binder: 0.999819
T: 1.2 Binder: 0.999633
T: 1.3 Binder: 0.999324
T: 1.4 Binder: 0.998797
T: 1.5 Binder: 0.997967
T: 1.6 Binder: 0.996576
T: 1.7 Binder: 0.994386
T: 1.8 Binder: 0.990716
T: 1.9 Binder: 0.984877
T: 2 Binder: 0.975612
T: 2.1 Binder: 0.961056
T: 2.2 Binder: 0.940657
T: 2.3 Binder: 0.911827
T: 2.4 Binder: 0.874602
T: 2.5 Binder: 0.830484
T: 2.6 Binder: 0.780801
T: 2.7 Binder: 0.726949
T: 2.8 Binder: 0.670895
T: 2.9 Binder: 0.616619
T: 3 Binder: 0.566133
T: 3.1 Binder: 0.513567
T: 3.2 Binder: 0.471485
T: 3.3 Binder: 0.431391
T: 3.4 Binder: 0.393803
T: 3.5 Binder: 0.363394
T: 3.6 Binder: 0.335158
T: 3.7 Binder: 0.308677
T: 3.8 Binder: 0.285078
T: 3.9 Binder: 0.268001
T: 4 Binder: 0.249874
T: 4.1 Binder: 0.233892
T: 4.2 Binder: 0.219069
T: 4.3 Binder: 0.205895
T: 4.4 Binder: 0.196704
T: 4.5 Binder: 0.190595
T: 4.6 Binder: 0.177847
T: 4.7 Binder: 0.168462
T: 4.8 Binder: 0.163177
T: 4.9 Binder: 0.159841
T: 5 Binder: 0.148251
T: 0.1 Binder: 1
T: 0.2 Binder: 1
T: 0.3 Binder: 1
T: 0.4 Binder: 1
T: 0.5 Binder: 1
T: 0.6 Binder: 1
T: 0.7 Binder: 1
T: 0.8 Binder: 0.999999
T: 0.9 Binder: 0.999995
T: 1 Binder: 0.999988
T: 1.1 Binder: 0.999973
T: 1.2 Binder: 0.999945
T: 1.3 Binder: 0.999897
T: 1.4 Binder: 0.999817
T: 1.5 Binder: 0.999681
T: 1.6 Binder: 0.999454
T: 1.7 Binder: 0.999057
T: 1.8 Binder: 0.998332
T: 1.9 Binder: 0.996918
T: 2 Binder: 0.993697
T: 2.1 Binder: 0.984977
T: 2.2 Binder: 0.959119
T: 2.3 Binder: 0.8885
T: 2.4 Binder: 0.751677
T: 2.5 Binder: 0.575915
T: 2.6 Binder: 0.413392
T: 2.7 Binder: 0.292889
T: 2.8 Binder: 0.221248
T: 2.9 Binder: 0.167545
T: 3 Binder: 0.130053
T: 3.1 Binder: 0.111178
T: 3.2 Binder: 0.0924318
T: 3.3 Binder: 0.0783484
T: 3.4 Binder: 0.0714626
T: 3.5 Binder: 0.0605703
T: 3.6 Binder: 0.057486
T: 3.7 Binder: 0.0481259
T: 3.8 Binder: 0.035244
T: 3.9 Binder: 0.0365266
T: 4 Binder: 0.0293935
T: 4.1 Binder: 0.0439774
T: 4.2 Binder: 0.0142012
T: 4.3 Binder: 0.0197266
T: 4.4 Binder: 0.032764
T: 4.5 Binder: 0.0220327
T: 4.6 Binder: 0.028876
T: 4.7 Binder: 0.0292273
T: 4.8 Binder: 0.031071
T: 4.9 Binder: 0.0299099
T: 5 Binder: 0.0267572
T: 0.1 Binder: 1
T: 0.2 Binder: 1
T: 0.3 Binder: 1
T: 0.4 Binder: 1
T: 0.5 Binder: 1
T: 0.6 Binder: 1
T: 0.7 Binder: 1
T: 0.8 Binder: 1
T: 0.9 Binder: 0.999999
T: 1 Binder: 0.999997
T: 1.1 Binder: 0.999993
T: 1.2 Binder: 0.999986
T: 1.3 Binder: 0.999974
T: 1.4 Binder: 0.999954
T: 1.5 Binder: 0.999919
T: 1.6 Binder: 0.99986
T: 1.7 Binder: 0.999759
T: 1.8 Binder: 0.999568
T: 1.9 Binder: 0.999184
T: 2 Binder: 0.998267
T: 2.1 Binder: 0.995279
T: 2.2 Binder: 0.978786
T: 2.3 Binder: 0.852288
T: 2.4 Binder: 0.502434
T: 2.5 Binder: 0.241279
T: 2.6 Binder: 0.12899
T: 2.7 Binder: 0.0787578
T: 2.8 Binder: 0.049391
T: 2.9 Binder: 0.0488987
T: 3 Binder: 0.0386314
T: 3.1 Binder: 0.0196924
T: 3.2 Binder: 0.0291811
T: 3.3 Binder: 0.0316665
T: 3.4 Binder: -0.00957136
T: 3.5 Binder: 0.00257233
T: 3.6 Binder: 0.00385061
T: 3.7 Binder: 0.0176627
T: 3.8 Binder: 0.00280496
T: 3.9 Binder: 0.0276673
T: 4 Binder: -2.55538e-05
T: 4.1 Binder: 0.00598681
T: 4.2 Binder: -0.00366732
T: 4.3 Binder: 0.0163611
T: 4.4 Binder: 0.0215227
T: 4.5 Binder: -0.018634
T: 4.6 Binder: 0.0303908
T: 4.7 Binder: -0.0130165
T: 4.8 Binder: -0.0200505
T: 4.9 Binder: -0.00354228
T: 5 Binder: 0.0159111
T: 0.1 Binder: 1
T: 0.2 Binder: 1
T: 0.3 Binder: 1
T: 0.4 Binder: 1
T: 0.5 Binder: 1
T: 0.6 Binder: 1
T: 0.7 Binder: 1
T: 0.8 Binder: 1
T: 0.9 Binder: 1
T: 1 Binder: 0.999999
T: 1.1 Binder: 0.999998
T: 1.2 Binder: 0.999997
T: 1.3 Binder: 0.999993
T: 1.4 Binder: 0.999988
T: 1.5 Binder: 0.99998
T: 1.6 Binder: 0.999965
T: 1.7 Binder: 0.999939
T: 1.8 Binder: 0.999891
T: 1.9 Binder: 0.999793
T: 2 Binder: 0.999553
T: 2.1 Binder: 0.998745
T: 2.2 Binder: 0.992537
T: 2.3 Binder: 0.758182
T: 2.4 Binder: 0.190188
T: 2.5 Binder: 0.0631071
T: 2.6 Binder: 0.0375068
T: 2.7 Binder: 0.0420264
T: 2.8 Binder: 0.0257003
T: 2.9 Binder: 0.0193342
T: 3 Binder: 0.0305544
T: 3.1 Binder: 0.000650981
T: 3.2 Binder: -0.00294041
T: 3.3 Binder: 0.0170298
T: 3.4 Binder: 0.0195129
T: 3.5 Binder: 0.0160712
T: 3.6 Binder: 0.00585014
T: 3.7 Binder: -0.0387408
T: 3.8 Binder: 0.00102371
T: 3.9 Binder: -0.029624
T: 4 Binder: 0.00869824
T: 4.1 Binder: -0.00865644
T: 4.2 Binder: -0.0336252
T: 4.3 Binder: 0.0815256
T: 4.4 Binder: -0.000892696
T: 4.5 Binder: 0.0202343
T: 4.6 Binder: 0.0385969
T: 4.7 Binder: 0.0460351
T: 4.8 Binder: 0.0141322
T: 4.9 Binder: 0.0104921
T: 5 Binder: -0.041701
